<?xml version="1.0" encoding="UTF-8"?>
<coverage generated="1617025157076" clover="3.2.0">
  <project timestamp="1617025157077" name="All files">
    <metrics statements="30" coveredstatements="30" conditionals="29" coveredconditionals="26" methods="4" coveredmethods="4" elements="63" coveredelements="60" complexity="0" loc="30" ncloc="30" packages="1" files="2" classes="2"/>
    <file name="letterpress.ts" path="C:\Users\Beck\Documents\GitHub\letterpress\src\letterpress.ts">
      <metrics statements="27" coveredstatements="27" conditionals="29" coveredconditionals="26" methods="4" coveredmethods="4"/>
      <line num="1" count="1" type="stmt"/>
      <line num="3" count="1" type="stmt"/>
      <line num="4" count="2" type="cond" truecount="1" falsecount="1"/>
      <line num="6" count="2" type="stmt"/>
      <line num="8" count="2" type="cond" truecount="2" falsecount="0"/>
      <line num="9" count="1" type="stmt"/>
      <line num="12" count="1" type="stmt"/>
      <line num="13" count="1" type="stmt"/>
      <line num="15" count="1" type="stmt"/>
      <line num="20" count="4" type="cond" truecount="2" falsecount="0"/>
      <line num="21" count="3" type="cond" truecount="1" falsecount="1"/>
      <line num="23" count="3" type="stmt"/>
      <line num="24" count="32" type="stmt"/>
      <line num="25" count="32" type="cond" truecount="3" falsecount="1"/>
      <line num="27" count="32" type="stmt"/>
      <line num="30" count="3" type="stmt"/>
      <line num="32" count="3" type="stmt"/>
      <line num="35" count="39" type="cond" truecount="4" falsecount="0"/>
      <line num="36" count="6" type="stmt"/>
      <line num="39" count="33" type="cond" truecount="4" falsecount="0"/>
      <line num="40" count="10" type="stmt"/>
      <line num="43" count="23" type="cond" truecount="4" falsecount="0"/>
      <line num="44" count="5" type="stmt"/>
      <line num="47" count="18" type="cond" truecount="2" falsecount="0"/>
      <line num="52" count="7" type="stmt"/>
      <line num="55" count="11" type="stmt"/>
      <line num="58" count="3" type="stmt"/>
    </file>
    <file name="wordTypes.ts" path="C:\Users\Beck\Documents\GitHub\letterpress\src\wordTypes.ts">
      <metrics statements="3" coveredstatements="3" conditionals="0" coveredconditionals="0" methods="0" coveredmethods="0"/>
      <line num="2" count="1" type="stmt"/>
      <line num="8" count="1" type="stmt"/>
      <line num="20" count="1" type="stmt"/>
    </file>
  </project>
</coverage>
