{"C:\\Users\\Beck\\Documents\\GitHub\\letterpress\\src\\letterpress.ts": {"path":"C:\\Users\\Beck\\Documents\\GitHub\\letterpress\\src\\letterpress.ts","statementMap":{"0":{"start":{"line":1,"column":0},"end":{"line":1,"column":66}},"1":{"start":{"line":3,"column":25},"end":{"line":16,"column":1}},"2":{"start":{"line":4,"column":2},"end":{"line":4,"column":null}},"3":{"start":{"line":4,"column":42},"end":{"line":4,"column":null}},"4":{"start":{"line":6,"column":22},"end":{"line":6,"column":47}},"5":{"start":{"line":8,"column":2},"end":{"line":10,"column":null}},"6":{"start":{"line":9,"column":4},"end":{"line":9,"column":null}},"7":{"start":{"line":12,"column":19},"end":{"line":12,"column":36}},"8":{"start":{"line":13,"column":26},"end":{"line":13,"column":69}},"9":{"start":{"line":15,"column":2},"end":{"line":15,"column":null}},"10":{"start":{"line":3,"column":13},"end":{"line":3,"column":25}},"11":{"start":{"line":20,"column":25},"end":{"line":59,"column":1}},"12":{"start":{"line":20,"column":50},"end":{"line":20,"column":null}},"13":{"start":{"line":21,"column":2},"end":{"line":21,"column":null}},"14":{"start":{"line":21,"column":42},"end":{"line":21,"column":null}},"15":{"start":{"line":23,"column":32},"end":{"line":28,"column":3}},"16":{"start":{"line":24,"column":24},"end":{"line":24,"column":43}},"17":{"start":{"line":25,"column":24},"end":{"line":25,"column":58}},"18":{"start":{"line":27,"column":4},"end":{"line":27,"column":null}},"19":{"start":{"line":30,"column":22},"end":{"line":30,"column":47}},"20":{"start":{"line":32,"column":25},"end":{"line":56,"column":4}},"21":{"start":{"line":35,"column":4},"end":{"line":37,"column":null}},"22":{"start":{"line":36,"column":6},"end":{"line":36,"column":null}},"23":{"start":{"line":39,"column":4},"end":{"line":41,"column":null}},"24":{"start":{"line":40,"column":6},"end":{"line":40,"column":null}},"25":{"start":{"line":43,"column":4},"end":{"line":45,"column":null}},"26":{"start":{"line":44,"column":6},"end":{"line":44,"column":null}},"27":{"start":{"line":47,"column":4},"end":{"line":53,"column":null}},"28":{"start":{"line":52,"column":6},"end":{"line":52,"column":null}},"29":{"start":{"line":55,"column":4},"end":{"line":55,"column":null}},"30":{"start":{"line":58,"column":2},"end":{"line":58,"column":null}},"31":{"start":{"line":20,"column":13},"end":{"line":20,"column":25}}},"fnMap":{"0":{"name":"(anonymous_0)","decl":{"start":{"line":3,"column":25},"end":{"line":3,"column":26}},"loc":{"start":{"line":3,"column":48},"end":{"line":16,"column":1}}},"1":{"name":"(anonymous_1)","decl":{"start":{"line":20,"column":25},"end":{"line":20,"column":26}},"loc":{"start":{"line":20,"column":83},"end":{"line":59,"column":1}}},"2":{"name":"(anonymous_2)","decl":{"start":{"line":23,"column":32},"end":{"line":23,"column":33}},"loc":{"start":{"line":23,"column":50},"end":{"line":28,"column":3}}},"3":{"name":"(anonymous_3)","decl":{"start":{"line":32,"column":41},"end":{"line":32,"column":42}},"loc":{"start":{"line":32,"column":54},"end":{"line":56,"column":3}}}},"branchMap":{"0":{"loc":{"start":{"line":4,"column":2},"end":{"line":4,"column":null}},"type":"if","locations":[{"start":{"line":4,"column":2},"end":{"line":4,"column":null}},{"start":{"line":4,"column":2},"end":{"line":4,"column":null}}]},"1":{"loc":{"start":{"line":8,"column":2},"end":{"line":10,"column":null}},"type":"if","locations":[{"start":{"line":8,"column":2},"end":{"line":10,"column":null}},{"start":{"line":8,"column":2},"end":{"line":10,"column":null}}]},"2":{"loc":{"start":{"line":20,"column":50},"end":{"line":20,"column":null}},"type":"if","locations":[{"start":{"line":20,"column":50},"end":{"line":20,"column":null}},{"start":{"line":20,"column":50},"end":{"line":20,"column":null}}]},"3":{"loc":{"start":{"line":21,"column":2},"end":{"line":21,"column":null}},"type":"if","locations":[{"start":{"line":21,"column":2},"end":{"line":21,"column":null}},{"start":{"line":21,"column":2},"end":{"line":21,"column":null}}]},"4":{"loc":{"start":{"line":25,"column":43},"end":{"line":25,"column":45}},"type":"cond-expr","locations":[{"start":{"line":25,"column":43},"end":{"line":25,"column":45}},{"start":{"line":25,"column":43},"end":{"line":25,"column":58}}]},"5":{"loc":{"start":{"line":25,"column":24},"end":{"line":25,"column":45}},"type":"binary-expr","locations":[{"start":{"line":25,"column":24},"end":{"line":25,"column":45}},{"start":{"line":25,"column":43},"end":{"line":25,"column":45}}]},"6":{"loc":{"start":{"line":35,"column":4},"end":{"line":37,"column":null}},"type":"if","locations":[{"start":{"line":35,"column":4},"end":{"line":37,"column":null}},{"start":{"line":35,"column":4},"end":{"line":37,"column":null}}]},"7":{"loc":{"start":{"line":35,"column":8},"end":{"line":35,"column":19}},"type":"binary-expr","locations":[{"start":{"line":35,"column":8},"end":{"line":35,"column":19}},{"start":{"line":35,"column":23},"end":{"line":35,"column":55}}]},"8":{"loc":{"start":{"line":39,"column":4},"end":{"line":41,"column":null}},"type":"if","locations":[{"start":{"line":39,"column":4},"end":{"line":41,"column":null}},{"start":{"line":39,"column":4},"end":{"line":41,"column":null}}]},"9":{"loc":{"start":{"line":39,"column":8},"end":{"line":39,"column":27}},"type":"binary-expr","locations":[{"start":{"line":39,"column":8},"end":{"line":39,"column":27}},{"start":{"line":39,"column":31},"end":{"line":39,"column":48}}]},"10":{"loc":{"start":{"line":43,"column":4},"end":{"line":45,"column":null}},"type":"if","locations":[{"start":{"line":43,"column":4},"end":{"line":45,"column":null}},{"start":{"line":43,"column":4},"end":{"line":45,"column":null}}]},"11":{"loc":{"start":{"line":43,"column":8},"end":{"line":43,"column":32}},"type":"binary-expr","locations":[{"start":{"line":43,"column":8},"end":{"line":43,"column":32}},{"start":{"line":43,"column":36},"end":{"line":43,"column":53}}]},"12":{"loc":{"start":{"line":47,"column":4},"end":{"line":53,"column":null}},"type":"if","locations":[{"start":{"line":47,"column":4},"end":{"line":53,"column":null}},{"start":{"line":47,"column":4},"end":{"line":53,"column":null}}]},"13":{"loc":{"start":{"line":48,"column":6},"end":{"line":48,"column":46}},"type":"binary-expr","locations":[{"start":{"line":48,"column":6},"end":{"line":48,"column":46}},{"start":{"line":49,"column":9},"end":{"line":49,"column":53}},{"start":{"line":50,"column":9},"end":{"line":50,"column":53}}]}},"s":{"0":1,"1":1,"2":2,"3":0,"4":2,"5":2,"6":1,"7":1,"8":1,"9":1,"10":1,"11":1,"12":4,"13":3,"14":0,"15":3,"16":32,"17":32,"18":32,"19":3,"20":3,"21":39,"22":6,"23":33,"24":10,"25":23,"26":5,"27":18,"28":7,"29":11,"30":3,"31":1},"f":{"0":2,"1":3,"2":32,"3":39},"b":{"0":[0,2],"1":[1,1],"2":[1,2],"3":[0,3],"4":[0,32],"5":[32,32],"6":[6,33],"7":[39,36],"8":[10,23],"9":[33,11],"10":[5,18],"11":[23,11],"12":[7,11],"13":[18,16,14]}}
,"C:\\Users\\Beck\\Documents\\GitHub\\letterpress\\src\\wordTypes.ts": {"path":"C:\\Users\\Beck\\Documents\\GitHub\\letterpress\\src\\wordTypes.ts","statementMap":{"0":{"start":{"line":2,"column":13},"end":{"line":6,"column":null}},"1":{"start":{"line":8,"column":13},"end":{"line":16,"column":null}},"2":{"start":{"line":20,"column":13},"end":{"line":91,"column":null}}},"fnMap":{},"branchMap":{},"s":{"0":1,"1":1,"2":1},"f":{},"b":{}}
}
