TN:
SF:src\letterpress.ts
FN:3,(anonymous_0)
FN:20,(anonymous_1)
FN:23,(anonymous_2)
FN:32,(anonymous_3)
FNF:4
FNH:4
FNDA:2,(anonymous_0)
FNDA:3,(anonymous_1)
FNDA:32,(anonymous_2)
FNDA:39,(anonymous_3)
DA:1,1
DA:3,1
DA:4,2
DA:6,2
DA:8,2
DA:9,1
DA:12,1
DA:13,1
DA:15,1
DA:20,4
DA:21,3
DA:23,3
DA:24,32
DA:25,32
DA:27,32
DA:30,3
DA:32,3
DA:35,39
DA:36,6
DA:39,33
DA:40,10
DA:43,23
DA:44,5
DA:47,18
DA:52,7
DA:55,11
DA:58,3
LF:27
LH:27
BRDA:4,0,0,0
BRDA:4,0,1,2
BRDA:8,1,0,1
BRDA:8,1,1,1
BRDA:20,2,0,1
BRDA:20,2,1,2
BRDA:21,3,0,0
BRDA:21,3,1,3
BRDA:25,4,0,0
BRDA:25,4,1,32
BRDA:25,5,0,32
BRDA:25,5,1,32
BRDA:35,6,0,6
BRDA:35,6,1,33
BRDA:35,7,0,39
BRDA:35,7,1,36
BRDA:39,8,0,10
BRDA:39,8,1,23
BRDA:39,9,0,33
BRDA:39,9,1,11
BRDA:43,10,0,5
BRDA:43,10,1,18
BRDA:43,11,0,23
BRDA:43,11,1,11
BRDA:47,12,0,7
BRDA:47,12,1,11
BRDA:48,13,0,18
BRDA:48,13,1,16
BRDA:48,13,2,14
BRF:29
BRH:26
end_of_record
TN:
SF:src\wordTypes.ts
FNF:0
FNH:0
DA:2,1
DA:8,1
DA:20,1
LF:3
LH:3
BRF:0
BRH:0
end_of_record
